2025-05-20 16:40:52,875 [ERROR] server - Error during startup: name 'db' is not defined
2025-05-20 16:43:30,240 [ERROR] server - Error during shutdown: name 'client' is not defined
2025-05-20 16:43:45,023 [ERROR] server - Error during startup: name 'db' is not defined
2025-05-20 16:45:11,461 [ERROR] server - Error during shutdown: name 'client' is not defined
2025-05-20 16:45:13,642 [INFO] document_validator - Connected to MongoDB database: document_validator
2025-05-20 16:45:13,813 [INFO] server - Document Validator API started successfully
2025-05-20 16:45:13,813 [INFO] server - Environment: production
2025-05-20 16:45:13,813 [INFO] server - Database: document_validator
2025-05-20 16:46:39,885 [INFO] server - Database connection closed
2025-05-20 16:46:51,132 [INFO] document_validator - Connected to MongoDB database: document_validator
2025-05-20 16:46:51,265 [INFO] server - Document Validator API started successfully
2025-05-20 16:46:51,265 [INFO] server - Environment: production
2025-05-20 16:46:51,266 [INFO] server - Database: document_validator
2025-05-20 17:05:20,622 [INFO] server - Database connection closed
2025-05-20 17:05:23,820 [INFO] document_validator - Connected to MongoDB database: document_validator
2025-05-20 17:05:23,992 [INFO] server - Document Validator API started successfully
2025-05-20 17:05:23,993 [INFO] server - Environment: production
2025-05-20 17:05:23,993 [INFO] server - Database: document_validator
2025-05-20 17:12:59,667 [INFO] server - Database connection closed
2025-05-20 17:13:02,925 [INFO] document_validator - Connected to MongoDB database: document_validator
2025-05-20 17:13:33,062 [ERROR] server - Error during startup: localhost:27017: [WinError 10061] Impossibile stabilire la connessione. Rifiuto persistente del computer di destinazione (configured timeouts: socketTimeoutMS: 20000.0ms, connectTimeoutMS: 20000.0ms), Timeout: 30s, Topology Description: <TopologyDescription id: 682c9bfea3523589478da9b8, topology_type: Unknown, servers: [<ServerDescription ('localhost', 27017) server_type: Unknown, rtt: None, error=AutoReconnect('localhost:27017: [WinError 10061] Impossibile stabilire la connessione. Rifiuto persistente del computer di destinazione (configured timeouts: socketTimeoutMS: 20000.0ms, connectTimeoutMS: 20000.0ms)')>]>
2025-05-20 17:13:33,144 [INFO] server - Database connection closed
2025-05-20 17:13:35,761 [INFO] document_validator - Connected to MongoDB database: document_validator
2025-05-20 17:14:06,327 [ERROR] server - Error during startup: localhost:27017: [WinError 10061] Impossibile stabilire la connessione. Rifiuto persistente del computer di destinazione (configured timeouts: socketTimeoutMS: 20000.0ms, connectTimeoutMS: 20000.0ms), Timeout: 30s, Topology Description: <TopologyDescription id: 682c9c1f28ed58434a3d39ab, topology_type: Unknown, servers: [<ServerDescription ('localhost', 27017) server_type: Unknown, rtt: None, error=AutoReconnect('localhost:27017: [WinError 10061] Impossibile stabilire la connessione. Rifiuto persistente del computer di destinazione (configured timeouts: socketTimeoutMS: 20000.0ms, connectTimeoutMS: 20000.0ms)')>]>
2025-05-20 17:14:06,399 [INFO] server - Database connection closed
2025-05-20 17:14:09,398 [INFO] document_validator - Connected to MongoDB database: document_validator
2025-05-20 17:14:39,504 [ERROR] server - Error during startup: localhost:27017: [WinError 10061] Impossibile stabilire la connessione. Rifiuto persistente del computer di destinazione (configured timeouts: socketTimeoutMS: 20000.0ms, connectTimeoutMS: 20000.0ms), Timeout: 30s, Topology Description: <TopologyDescription id: 682c9c410a927e7b67ff640d, topology_type: Unknown, servers: [<ServerDescription ('localhost', 27017) server_type: Unknown, rtt: None, error=AutoReconnect('localhost:27017: [WinError 10061] Impossibile stabilire la connessione. Rifiuto persistente del computer di destinazione (configured timeouts: socketTimeoutMS: 20000.0ms, connectTimeoutMS: 20000.0ms)')>]>
2025-05-20 17:14:39,597 [INFO] server - Database connection closed
2025-05-20 17:16:44,872 [INFO] document_validator - Connected to MongoDB database: document_validator
2025-05-20 17:17:15,456 [ERROR] server - Error during startup: localhost:27017: [WinError 10061] Impossibile stabilire la connessione. Rifiuto persistente del computer di destinazione (configured timeouts: socketTimeoutMS: 20000.0ms, connectTimeoutMS: 20000.0ms), Timeout: 30s, Topology Description: <TopologyDescription id: 682c9cdc4633f5e7b3990e02, topology_type: Unknown, servers: [<ServerDescription ('localhost', 27017) server_type: Unknown, rtt: None, error=AutoReconnect('localhost:27017: [WinError 10061] Impossibile stabilire la connessione. Rifiuto persistente del computer di destinazione (configured timeouts: socketTimeoutMS: 20000.0ms, connectTimeoutMS: 20000.0ms)')>]>
2025-05-20 17:34:45,817 [INFO] server - Database connection closed
2025-05-20 17:37:15,398 [INFO] document_validator - Connected to MongoDB database: document_validator
2025-05-20 17:37:20,764 [ERROR] server - Error during startup: bad auth : authentication failed, full error: {'ok': 0, 'errmsg': 'bad auth : authentication failed', 'code': 8000, 'codeName': 'AtlasError'}
2025-05-20 17:39:18,213 [INFO] server - Database connection closed
2025-05-20 17:39:20,591 [INFO] document_validator - Connected to MongoDB database: document_validator
2025-05-20 17:39:25,776 [INFO] server - Document Validator API started successfully
2025-05-20 17:39:25,777 [INFO] server - Environment: production
2025-05-20 17:39:25,777 [INFO] server - Database: document_validator
2025-05-20 17:47:40,681 [INFO] server - Database connection closed
2025-05-20 17:47:43,543 [INFO] document_validator - Connected to MongoDB database: document_validator
2025-05-20 17:47:48,728 [INFO] server - Document Validator API started successfully
2025-05-20 17:47:48,728 [INFO] server - Environment: production
2025-05-20 17:47:48,728 [INFO] server - Database: document_validator
2025-05-20 17:48:05,974 [INFO] server - Database connection closed
2025-05-20 17:48:08,437 [INFO] document_validator - Connected to MongoDB database: document_validator
2025-05-20 17:48:13,477 [INFO] server - Document Validator API started successfully
2025-05-20 17:48:13,477 [INFO] server - Environment: production
2025-05-20 17:48:13,478 [INFO] server - Database: document_validator
2025-05-21 09:46:57,408 [INFO] server - Database connection closed
2025-05-21 09:47:06,484 [INFO] document_validator - Connected to MongoDB database: document_validator
2025-05-21 09:47:12,782 [INFO] server - Document Validator API started successfully
2025-05-21 09:47:12,783 [INFO] server - Environment: production
2025-05-21 09:47:12,784 [INFO] server - Database: document_validator
2025-05-21 09:49:03,243 [INFO] server - Database connection closed
2025-05-21 09:49:05,689 [INFO] document_validator - Connected to MongoDB database: document_validator
2025-05-21 09:49:10,738 [INFO] server - Document Validator API started successfully
2025-05-21 09:49:10,738 [INFO] server - Environment: production
2025-05-21 09:49:10,739 [INFO] server - Database: document_validator
2025-05-21 09:49:29,007 [INFO] server - Database connection closed
